Arguments: 
  /Users/bartoszszpinda/.nvm/versions/node/v14.15.4/bin/node /Users/bartoszszpinda/.nvm/versions/node/v14.15.4/bin/yarn

PATH: 
  /Users/bartoszszpinda/.nvm/versions/node/v14.15.4/bin:/usr/local/bin:/usr/bin:/bin:/usr/sbin:/sbin:/Users/bartoszszpinda/.nvm/versions/node/v14.15.4/bin

Yarn version: 
  1.22.10

Node version: 
  14.15.4

Platform: 
  darwin x64

Trace: 
  SyntaxError: /Users/bartoszszpinda/dev/code/bitbucket/ether-bank/package.json: Unexpected token } in JSON at position 377
      at JSON.parse (<anonymous>)
      at /Users/bartoszszpinda/.nvm/versions/node/v14.15.4/lib/node_modules/yarn/lib/cli.js:1625:59
      at Generator.next (<anonymous>)
      at step (/Users/bartoszszpinda/.nvm/versions/node/v14.15.4/lib/node_modules/yarn/lib/cli.js:310:30)
      at /Users/bartoszszpinda/.nvm/versions/node/v14.15.4/lib/node_modules/yarn/lib/cli.js:321:13

npm manifest: 
  {
    "private": true,
    "workspaces": [
       "frontend", 
       "backend",
       "packages/*"
    ],
    "devDependencies": {
      "@typescript-eslint/eslint-plugin": "^3.10.0",
      "@typescript-eslint/parser": "^3.10.0",
      "eslint": "^6.8.0",
      "eslint-config-prettier": "^6.11.0",
      "eslint-plugin-prettier": "^3.1.4",
      "eslint-plugin-sort-imports-es6-autofix": "^0.6.0",
    },
    "scripts": {    
       "start": "yarn --cwd backend start",    
       "build": "yarn --cwd frontend build"  
    }
  }

yarn manifest: 
  No manifest

Lockfile: 
  No lockfile
